{
  message: 'database connected',
  level: 'info',
  service: 'user-service',
  label: 'Authentication',
  timestamp: '2024-09-29T17:36:14.398Z'
}
{
  message: 'Application app listening on port 5000',
  level: 'info',
  service: 'user-service',
  label: 'Authentication',
  timestamp: '2024-09-29T17:36:14.405Z'
}
{
  message: 'database connected',
  level: 'info',
  service: 'user-service',
  label: 'Authentication',
  timestamp: '2024-09-29T17:38:40.751Z'
}
{
  message: 'Application app listening on port 5000',
  level: 'info',
  service: 'user-service',
  label: 'Authentication',
  timestamp: '2024-09-29T17:38:40.757Z'
}
{
  message: 'database connected',
  level: 'info',
  service: 'user-service',
  label: 'Authentication',
  timestamp: '2024-09-29T17:40:26.633Z'
}
{
  message: 'Application app listening on port 5000',
  level: 'info',
  service: 'user-service',
  label: 'Authentication',
  timestamp: '2024-09-29T17:40:26.648Z'
}
{
  message: 'database connected',
  level: 'info',
  service: 'user-service',
  label: 'Authentication',
  timestamp: '2024-09-29T17:40:34.079Z'
}
{
  message: 'Application app listening on port 5000',
  level: 'info',
  service: 'user-service',
  label: 'Authentication',
  timestamp: '2024-09-29T17:40:34.089Z'
}
{
  message: 'database connected',
  level: 'info',
  service: 'user-service',
  label: 'Authentication',
  timestamp: '2024-09-29T17:41:31.911Z'
}
{
  message: 'Application app listening on port 5000',
  level: 'info',
  service: 'user-service',
  label: 'Authentication',
  timestamp: '2024-09-29T17:41:31.925Z'
}
{
  message: 'database connected',
  level: 'info',
  service: 'user-service',
  label: 'Authentication',
  timestamp: '2024-09-29T17:42:15.641Z'
}
{
  message: 'Application app listening on port 5000',
  level: 'info',
  service: 'user-service',
  label: 'Authentication',
  timestamp: '2024-09-29T17:42:15.649Z'
}
{
  message: 'database connected',
  level: 'info',
  service: 'user-service',
  label: 'Authentication',
  timestamp: '2024-09-29T17:42:21.768Z'
}
{
  message: 'Application app listening on port 5000',
  level: 'info',
  service: 'user-service',
  label: 'Authentication',
  timestamp: '2024-09-29T17:42:21.783Z'
}
{
  message: 'database connected',
  level: 'info',
  service: 'user-service',
  label: 'Authentication',
  timestamp: '2024-09-29T17:42:25.511Z'
}
{
  message: 'Application app listening on port 5000',
  level: 'info',
  service: 'user-service',
  label: 'Authentication',
  timestamp: '2024-09-29T17:42:25.517Z'
}
{
  message: 'database connected',
  level: 'info',
  service: 'user-service',
  label: 'Authentication',
  timestamp: '2024-09-29T17:44:06.505Z'
}
{
  message: 'Application app listening on port 5000',
  level: 'info',
  service: 'user-service',
  label: 'Authentication',
  timestamp: '2024-09-29T17:44:06.515Z'
}
{
  message: 'database connected',
  level: 'info',
  service: 'user-service',
  label: 'Authentication',
  timestamp: '2024-09-29T17:44:59.097Z'
}
{
  message: 'Application app listening on port 5000',
  level: 'info',
  service: 'user-service',
  label: 'Authentication',
  timestamp: '2024-09-29T17:44:59.103Z'
}
{
  message: 'database connected',
  level: 'info',
  service: 'user-service',
  label: 'Authentication',
  timestamp: '2024-09-29T17:45:10.269Z'
}
{
  message: 'Application app listening on port 5000',
  level: 'info',
  service: 'user-service',
  label: 'Authentication',
  timestamp: '2024-09-29T17:45:10.275Z'
}
